./sortingNetworks Starting...

Starting up CUDA context...
GPU Device 0: "Tesla K80" with compute capability 3.7

Allocating and initializing host arrays...

Allocating and initializing CUDA arrays...

Testing array length 1 (1 arrays per batch)...
Average time: 0.002000 ms

sortingNetworks-bitonic, Throughput = 0.5000 MElements/s, Time = 0.00000 s, Size = 1 elements, NumDevsUsed = 1, Workgroup = 0

Validating the results...
...reading back GPU results
validateSortedKeys(): arrayLength too short, exiting...

Shutting down...

real	0m0.187s
user	0m0.013s
sys	0m0.138s
./sortingNetworks Starting...

Starting up CUDA context...
GPU Device 0: "Tesla K80" with compute capability 3.7

Allocating and initializing host arrays...

Allocating and initializing CUDA arrays...

Testing array length 2 (1 arrays per batch)...
Average time: 0.043000 ms

sortingNetworks-bitonic, Throughput = 0.0465 MElements/s, Time = 0.00004 s, Size = 2 elements, NumDevsUsed = 1, Workgroup = 1

Validating the results...
...reading back GPU results
...inspecting keys array: OK

Shutting down...

real	0m0.144s
user	0m0.015s
sys	0m0.122s
./sortingNetworks Starting...

Starting up CUDA context...
GPU Device 0: "Tesla K80" with compute capability 3.7

Allocating and initializing host arrays...

Allocating and initializing CUDA arrays...

Testing array length 4 (1 arrays per batch)...
Average time: 0.044000 ms

sortingNetworks-bitonic, Throughput = 0.0909 MElements/s, Time = 0.00004 s, Size = 4 elements, NumDevsUsed = 1, Workgroup = 2

Validating the results...
...reading back GPU results
...inspecting keys array: OK

Shutting down...

real	0m0.146s
user	0m0.019s
sys	0m0.119s
./sortingNetworks Starting...

Starting up CUDA context...
GPU Device 0: "Tesla K80" with compute capability 3.7

Allocating and initializing host arrays...

Allocating and initializing CUDA arrays...

Testing array length 8 (1 arrays per batch)...
Average time: 0.044000 ms

sortingNetworks-bitonic, Throughput = 0.1818 MElements/s, Time = 0.00004 s, Size = 8 elements, NumDevsUsed = 1, Workgroup = 4

Validating the results...
...reading back GPU results
...inspecting keys array: OK

Shutting down...

real	0m0.144s
user	0m0.008s
sys	0m0.129s
./sortingNetworks Starting...

Starting up CUDA context...
GPU Device 0: "Tesla K80" with compute capability 3.7

Allocating and initializing host arrays...

Allocating and initializing CUDA arrays...

Testing array length 16 (1 arrays per batch)...
Average time: 0.058000 ms

sortingNetworks-bitonic, Throughput = 0.2759 MElements/s, Time = 0.00006 s, Size = 16 elements, NumDevsUsed = 1, Workgroup = 8

Validating the results...
...reading back GPU results
...inspecting keys array: OK

Shutting down...

real	0m0.143s
user	0m0.020s
sys	0m0.117s
./sortingNetworks Starting...

Starting up CUDA context...
GPU Device 0: "Tesla K80" with compute capability 3.7

Allocating and initializing host arrays...

Allocating and initializing CUDA arrays...

Testing array length 32 (1 arrays per batch)...
Average time: 0.051000 ms

sortingNetworks-bitonic, Throughput = 0.6275 MElements/s, Time = 0.00005 s, Size = 32 elements, NumDevsUsed = 1, Workgroup = 16

Validating the results...
...reading back GPU results
...inspecting keys array: OK

Shutting down...

real	0m0.143s
user	0m0.017s
sys	0m0.120s
./sortingNetworks Starting...

Starting up CUDA context...
GPU Device 0: "Tesla K80" with compute capability 3.7

Allocating and initializing host arrays...

Allocating and initializing CUDA arrays...

Testing array length 64 (1 arrays per batch)...
Average time: 0.050000 ms

sortingNetworks-bitonic, Throughput = 1.2800 MElements/s, Time = 0.00005 s, Size = 64 elements, NumDevsUsed = 1, Workgroup = 32

Validating the results...
...reading back GPU results
...inspecting keys array: OK

Shutting down...

real	0m0.145s
user	0m0.020s
sys	0m0.115s
./sortingNetworks Starting...

Starting up CUDA context...
GPU Device 0: "Tesla K80" with compute capability 3.7

Allocating and initializing host arrays...

Allocating and initializing CUDA arrays...

Testing array length 128 (1 arrays per batch)...
Average time: 0.056000 ms

sortingNetworks-bitonic, Throughput = 2.2857 MElements/s, Time = 0.00006 s, Size = 128 elements, NumDevsUsed = 1, Workgroup = 64

Validating the results...
...reading back GPU results
...inspecting keys array: OK

Shutting down...

real	0m0.144s
user	0m0.012s
sys	0m0.126s
./sortingNetworks Starting...

Starting up CUDA context...
GPU Device 0: "Tesla K80" with compute capability 3.7

Allocating and initializing host arrays...

Allocating and initializing CUDA arrays...

Testing array length 256 (1 arrays per batch)...
Average time: 0.059000 ms

sortingNetworks-bitonic, Throughput = 4.3390 MElements/s, Time = 0.00006 s, Size = 256 elements, NumDevsUsed = 1, Workgroup = 128

Validating the results...
...reading back GPU results
...inspecting keys array: OK

Shutting down...

real	0m0.145s
user	0m0.015s
sys	0m0.122s
./sortingNetworks Starting...

Starting up CUDA context...
GPU Device 0: "Tesla K80" with compute capability 3.7

Allocating and initializing host arrays...

Allocating and initializing CUDA arrays...

Testing array length 512 (1 arrays per batch)...
Average time: 0.064000 ms

sortingNetworks-bitonic, Throughput = 8.0000 MElements/s, Time = 0.00006 s, Size = 512 elements, NumDevsUsed = 1, Workgroup = 256

Validating the results...
...reading back GPU results
...inspecting keys array: OK

Shutting down...

real	0m0.142s
user	0m0.013s
sys	0m0.122s
./sortingNetworks Starting...

Starting up CUDA context...
GPU Device 0: "Tesla K80" with compute capability 3.7

Allocating and initializing host arrays...

Allocating and initializing CUDA arrays...

Testing array length 1024 (1 arrays per batch)...
Average time: 0.074000 ms

sortingNetworks-bitonic, Throughput = 13.8378 MElements/s, Time = 0.00007 s, Size = 1024 elements, NumDevsUsed = 1, Workgroup = 512

Validating the results...
...reading back GPU results
...inspecting keys array: OK

Shutting down...

real	0m0.145s
user	0m0.015s
sys	0m0.123s
./sortingNetworks Starting...

Starting up CUDA context...
GPU Device 0: "Tesla K80" with compute capability 3.7

Allocating and initializing host arrays...

Allocating and initializing CUDA arrays...

Testing array length 2048 (1 arrays per batch)...
Average time: 0.078000 ms

sortingNetworks-bitonic, Throughput = 26.2564 MElements/s, Time = 0.00008 s, Size = 2048 elements, NumDevsUsed = 1, Workgroup = 512

Validating the results...
...reading back GPU results
...inspecting keys array: OK

Shutting down...

real	0m0.145s
user	0m0.015s
sys	0m0.122s
./sortingNetworks Starting...

Starting up CUDA context...
GPU Device 0: "Tesla K80" with compute capability 3.7

Allocating and initializing host arrays...

Allocating and initializing CUDA arrays...

Testing array length 4096 (1 arrays per batch)...
Average time: 0.105000 ms

sortingNetworks-bitonic, Throughput = 39.0095 MElements/s, Time = 0.00010 s, Size = 4096 elements, NumDevsUsed = 1, Workgroup = 512

Validating the results...
...reading back GPU results
...inspecting keys array: OK

Shutting down...

real	0m0.145s
user	0m0.011s
sys	0m0.126s
./sortingNetworks Starting...

Starting up CUDA context...
GPU Device 0: "Tesla K80" with compute capability 3.7

Allocating and initializing host arrays...

Allocating and initializing CUDA arrays...

Testing array length 8192 (1 arrays per batch)...
Average time: 0.133000 ms

sortingNetworks-bitonic, Throughput = 61.5940 MElements/s, Time = 0.00013 s, Size = 8192 elements, NumDevsUsed = 1, Workgroup = 512

Validating the results...
...reading back GPU results
...inspecting keys array: OK

Shutting down...

real	0m0.147s
user	0m0.018s
sys	0m0.120s
./sortingNetworks Starting...

Starting up CUDA context...
GPU Device 0: "Tesla K80" with compute capability 3.7

Allocating and initializing host arrays...

Allocating and initializing CUDA arrays...

Testing array length 16384 (1 arrays per batch)...
Average time: 0.181000 ms

sortingNetworks-bitonic, Throughput = 90.5193 MElements/s, Time = 0.00018 s, Size = 16384 elements, NumDevsUsed = 1, Workgroup = 512

Validating the results...
...reading back GPU results
...inspecting keys array: OK

Shutting down...

real	0m0.146s
user	0m0.017s
sys	0m0.120s
./sortingNetworks Starting...

Starting up CUDA context...
GPU Device 0: "Tesla K80" with compute capability 3.7

Allocating and initializing host arrays...

Allocating and initializing CUDA arrays...

Testing array length 32768 (1 arrays per batch)...
Average time: 0.229000 ms

sortingNetworks-bitonic, Throughput = 143.0917 MElements/s, Time = 0.00023 s, Size = 32768 elements, NumDevsUsed = 1, Workgroup = 512

Validating the results...
...reading back GPU results
...inspecting keys array: OK

Shutting down...

real	0m0.146s
user	0m0.016s
sys	0m0.123s
./sortingNetworks Starting...

Starting up CUDA context...
GPU Device 0: "Tesla K80" with compute capability 3.7

Allocating and initializing host arrays...

Allocating and initializing CUDA arrays...

Testing array length 65536 (1 arrays per batch)...
Average time: 0.379000 ms

sortingNetworks-bitonic, Throughput = 172.9182 MElements/s, Time = 0.00038 s, Size = 65536 elements, NumDevsUsed = 1, Workgroup = 512

Validating the results...
...reading back GPU results
...inspecting keys array: OK

Shutting down...

real	0m0.147s
user	0m0.022s
sys	0m0.118s
./sortingNetworks Starting...

Starting up CUDA context...
GPU Device 0: "Tesla K80" with compute capability 3.7

Allocating and initializing host arrays...

Allocating and initializing CUDA arrays...

Testing array length 131072 (1 arrays per batch)...
Average time: 0.601000 ms

sortingNetworks-bitonic, Throughput = 218.0898 MElements/s, Time = 0.00060 s, Size = 131072 elements, NumDevsUsed = 1, Workgroup = 512

Validating the results...
...reading back GPU results
...inspecting keys array: OK

Shutting down...

real	0m0.150s
user	0m0.023s
sys	0m0.117s
./sortingNetworks Starting...

Starting up CUDA context...
GPU Device 0: "Tesla K80" with compute capability 3.7

Allocating and initializing host arrays...

Allocating and initializing CUDA arrays...

Testing array length 262144 (1 arrays per batch)...
Average time: 1.044000 ms

sortingNetworks-bitonic, Throughput = 251.0958 MElements/s, Time = 0.00104 s, Size = 262144 elements, NumDevsUsed = 1, Workgroup = 512

Validating the results...
...reading back GPU results
...inspecting keys array: OK

Shutting down...

real	0m0.155s
user	0m0.024s
sys	0m0.124s
./sortingNetworks Starting...

Starting up CUDA context...
GPU Device 0: "Tesla K80" with compute capability 3.7

Allocating and initializing host arrays...

Allocating and initializing CUDA arrays...

Testing array length 524288 (1 arrays per batch)...
Average time: 2.674000 ms

sortingNetworks-bitonic, Throughput = 196.0688 MElements/s, Time = 0.00267 s, Size = 524288 elements, NumDevsUsed = 1, Workgroup = 512

Validating the results...
...reading back GPU results
...inspecting keys array: OK

Shutting down...

real	0m0.271s
user	0m0.035s
sys	0m0.125s
./sortingNetworks Starting...

Starting up CUDA context...
GPU Device 0: "Tesla K80" with compute capability 3.7

Allocating and initializing host arrays...

Allocating and initializing CUDA arrays...

Testing array length 1048576 (1 arrays per batch)...
Average time: 5.654000 ms

sortingNetworks-bitonic, Throughput = 185.4574 MElements/s, Time = 0.00565 s, Size = 1048576 elements, NumDevsUsed = 1, Workgroup = 512

Validating the results...
...reading back GPU results
...inspecting keys array: OK

Shutting down...

real	0m0.189s
user	0m0.050s
sys	0m0.130s
./sortingNetworks Starting...

Starting up CUDA context...
GPU Device 0: "Tesla K80" with compute capability 3.7

Allocating and initializing host arrays...

Allocating and initializing CUDA arrays...

Testing array length 1048576 (1 arrays per batch)...
Average time: 1639138983936.000000 ms

sortingNetworks-bitonic, Throughput = 0.0000 MElements/s, Time = 1639138983.93600 s, Size = 1048576 elements, NumDevsUsed = 1, Workgroup = 512

Validating the results...
...inspecting keys array: OK

Shutting down...

real	0m0.270s
user	0m0.077s
sys	0m0.131s
./sortingNetworks Starting...

Starting up CUDA context...
GPU Device 0: "Tesla K80" with compute capability 3.7

Allocating and initializing host arrays...

Allocating and initializing CUDA arrays...

Testing array length 1048576 (1 arrays per batch)...
Average time: 1639138983936.000000 ms

sortingNetworks-bitonic, Throughput = 0.0000 MElements/s, Time = 1639138983.93600 s, Size = 1048576 elements, NumDevsUsed = 1, Workgroup = 512

Validating the results...
...inspecting keys array: OK

Shutting down...

real	0m0.554s
user	0m0.162s
sys	0m0.127s
./sortingNetworks Starting...

Starting up CUDA context...
GPU Device 0: "Tesla K80" with compute capability 3.7

Allocating and initializing host arrays...

Allocating and initializing CUDA arrays...

Testing array length 1048576 (1 arrays per batch)...
Average time: 1639138983936.000000 ms

sortingNetworks-bitonic, Throughput = 0.0000 MElements/s, Time = 1639138983.93600 s, Size = 1048576 elements, NumDevsUsed = 1, Workgroup = 512

Validating the results...
...inspecting keys array: OK

Shutting down...

real	0m0.564s
user	0m0.335s
sys	0m0.139s
./sortingNetworks Starting...

Starting up CUDA context...
GPU Device 0: "Tesla K80" with compute capability 3.7

Allocating and initializing host arrays...

Allocating and initializing CUDA arrays...

Testing array length 1048576 (1 arrays per batch)...
Average time: 1639138983936.000000 ms

sortingNetworks-bitonic, Throughput = 0.0000 MElements/s, Time = 1639138983.93600 s, Size = 1048576 elements, NumDevsUsed = 1, Workgroup = 512

Validating the results...
...inspecting keys array: OK

Shutting down...

real	0m0.889s
user	0m0.699s
sys	0m0.182s
./sortingNetworks Starting...

Starting up CUDA context...
GPU Device 0: "Tesla K80" with compute capability 3.7

Allocating and initializing host arrays...

Allocating and initializing CUDA arrays...

Testing array length 1048576 (1 arrays per batch)...
Average time: 1639138983936.000000 ms

sortingNetworks-bitonic, Throughput = 0.0000 MElements/s, Time = 1639138983.93600 s, Size = 1048576 elements, NumDevsUsed = 1, Workgroup = 512

Validating the results...
...inspecting keys array: OK

Shutting down...

real	0m1.812s
user	0m1.543s
sys	0m0.215s
./sortingNetworks Starting...

Starting up CUDA context...
GPU Device 0: "Tesla K80" with compute capability 3.7

Allocating and initializing host arrays...

Allocating and initializing CUDA arrays...

Testing array length 1048576 (1 arrays per batch)...
Average time: 1639138983936.000000 ms

sortingNetworks-bitonic, Throughput = 0.0000 MElements/s, Time = 1639138983.93600 s, Size = 1048576 elements, NumDevsUsed = 1, Workgroup = 512

Validating the results...
...inspecting keys array: OK

Shutting down...

real	0m3.676s
user	0m3.357s
sys	0m0.312s
