Cilkscreen Race Detector V2.0.0, Build 4501
Enter type(h or c) for player X :
Enter the depth of the computer player(1~60) :
Enter type(h or c) for player O :
Enter the depth of the computer player(1~60) :
  1 2 3 4 5 6 7 8
1 . . . . . . . .
2 . . . . . . . .
3 . . . . . . . .
4 . . . O X . . .
5 . . . X O . . .
6 . . . . . . . .
7 . . . . . . . .
8 . . . . . . . .
flipping disk at 5,5
Computer X flipped 1 disks
  1 2 3 4 5 6 7 8
1 . . . . . . . .
2 . . . . . . . .
3 . . . . . . . .
4 . . . O X . . .
5 . . . X X . . .
6 . . . . X . . .
7 . . . . . . . .
8 . . . . . . . .
flipping disk at 4,5
Computer O flipped 1 disks
  1 2 3 4 5 6 7 8
1 . . . . . . . .
2 . . . . . . . .
3 . . . . . . . .
4 . . . O O O . .
5 . . . X X . . .
6 . . . . X . . .
7 . . . . . . . .
8 . . . . . . . .
flipping disk at 4,6
Computer X flipped 1 disks
  1 2 3 4 5 6 7 8
1 . . . . . . . .
2 . . . . . . . .
3 . . . . . . X .
4 . . . O O X . .
5 . . . X X . . .
6 . . . . X . . .
7 . . . . . . . .
8 . . . . . . . .
flipping disk at 5,4
Computer O flipped 1 disks
  1 2 3 4 5 6 7 8
1 . . . . . . . .
2 . . . . . . . .
3 . . . . . . X .
4 . . . O O X . .
5 . . . O X . . .
6 . . . O X . . .
7 . . . . . . . .
8 . . . . . . . .
flipping disk at 6,4
Computer X flipped 1 disks
  1 2 3 4 5 6 7 8
1 . . . . . . . .
2 . . . . . . . .
3 . . . . . . X .
4 . . . O O X . .
5 . . . O X . . .
6 . . . X X . . .
7 . . X . . . . .
8 . . . . . . . .
flipping disk at 4,6
Computer O flipped 1 disks
  1 2 3 4 5 6 7 8
1 . . . . . . . .
2 . . . . . . . .
3 . . . . . . X .
4 . . . O O O O .
5 . . . O X . . .
6 . . . X X . . .
7 . . X . . . . .
8 . . . . . . . .
flipping disk at 4,7
Computer X flipped 1 disks
  1 2 3 4 5 6 7 8
1 . . . . . . . .
2 . . . . . . . .
3 . . . . . . X .
4 . . . O O O X .
5 . . . O X . X .
6 . . . X X . . .
7 . . X . . . . .
8 . . . . . . . .
flipping disk at 5,5
flipping disk at 6,4
flipping disk at 7,3
Computer O flipped 3 disks
  1 2 3 4 5 6 7 8
1 . . . . . . . .
2 . . . . . . . .
3 . . . . . . X .
4 . . . O O O X .
5 . . . O O . X .
6 . . . O X . . .
7 . . O . . . . .
8 . O . . . . . .
flipping disk at 4,6
flipping disk at 4,5
flipping disk at 4,4
flipping disk at 5,4
Computer X flipped 4 disks
  1 2 3 4 5 6 7 8
1 . . . . . . . .
2 . . . . . . . .
3 . . . . . . X .
4 . . X X X X X .
5 . . . X O . X .
6 . . . O X . . .
7 . . O . . . . .
8 . O . . . . . .
flipping disk at 4,6
flipping disk at 3,7
Computer O flipped 2 disks
  1 2 3 4 5 6 7 8
1 . . . . . . . .
2 . . . . . . . O
3 . . . . . . O .
4 . . X X X O X .
5 . . . X O . X .
6 . . . O X . . .
7 . . O . . . . .
8 . O . . . . . .
flipping disk at 6,4
Computer X flipped 1 disks
  1 2 3 4 5 6 7 8
1 . . . . . . . .
2 . . . . . . . O
3 . . . . . . O .
4 . . X X X O X .
5 . . . X O . X .
6 . . . X X . . .
7 . . O X . . . .
8 . O . . . . . .
flipping disk at 4,4
Computer O flipped 1 disks
  1 2 3 4 5 6 7 8
1 . . . . . . . .
2 . . . . . . . O
3 . . O . . . O .
4 . . X O X O X .
5 . . . X O . X .
6 . . . X X . . .
7 . . O X . . . .
8 . O . . . . . .
flipping disk at 7,3
Computer X flipped 1 disks
  1 2 3 4 5 6 7 8
1 . . . . . . . .
2 . . . . . . . O
3 . . O . . . O .
4 . . X O X O X .
5 . . . X O . X .
6 . . . X X . . .
7 . X X X . . . .
8 . O . . . . . .
flipping disk at 4,7
flipping disk at 5,7
Computer O flipped 2 disks
  1 2 3 4 5 6 7 8
1 . . . . . . . .
2 . . . . . . . O
3 . . O . . . O .
4 . . X O X O O .
5 . . . X O . O .
6 . . . X X . O .
7 . X X X . . . .
8 . O . . . . . .
flipping disk at 4,6
flipping disk at 4,7
Computer X flipped 2 disks
  1 2 3 4 5 6 7 8
1 . . . . . . . .
2 . . . . . . . O
3 . . O . . . O .
4 . . X O X X X X
5 . . . X O . O .
6 . . . X X . O .
7 . X X X . . . .
8 . O . . . . . .
flipping disk at 5,4
flipping disk at 6,4
flipping disk at 7,4
Computer O flipped 3 disks
  1 2 3 4 5 6 7 8
1 . . . . . . . .
2 . . . . . . . O
3 . . O . . . O .
4 . . X O X X X X
5 . . . O O . O .
6 . . . O X . O .
7 . X X O . . . .
8 . O . O . . . .
flipping disk at 5,7
Computer X flipped 1 disks
  1 2 3 4 5 6 7 8
1 . . . . . . . .
2 . . . . . . . O
3 . . O . . . O .
4 . . X O X X X X
5 . . . O O . X .
6 . . . O X X O .
7 . X X O . . . .
8 . O . O . . . .
flipping disk at 4,5
Computer O flipped 1 disks
  1 2 3 4 5 6 7 8
1 . . . . . . . .
2 . . . . . . . O
3 . . O . O . O .
4 . . X O O X X X
5 . . . O O . X .
6 . . . O X X O .
7 . X X O . . . .
8 . O . O . . . .
flipping disk at 7,4
Computer X flipped 1 disks
  1 2 3 4 5 6 7 8
1 . . . . . . . .
2 . . . . . . . O
3 . . O . O . O .
4 . . X O O X X X
5 . . . O O . X .
6 . . . O X X O .
7 . X X X . . . .
8 . O X O . . . .
flipping disk at 7,2
flipping disk at 7,3
Computer O flipped 2 disks
  1 2 3 4 5 6 7 8
1 . . . . . . . .
2 . . . . . . . O
3 . . O . O . O .
4 . . X O O X X X
5 . . . O O . X .
6 . O . O X X O .
7 . O O X . . . .
8 . O X O . . . .
flipping disk at 7,3
flipping disk at 7,2
Computer X flipped 2 disks
  1 2 3 4 5 6 7 8
1 . . . . . . . .
2 . . . . . . . O
3 . . O . O . O .
4 . . X O O X X X
5 . . . O O . X .
6 . O . O X X O .
7 X X X X . . . .
8 . O X O . . . .
flipping disk at 4,6
flipping disk at 5,7
Computer O flipped 2 disks
  1 2 3 4 5 6 7 8
1 . . . . . . . .
2 . . . . . . . O
3 . . O . O . O .
4 . . X O O O X X
5 . . . O O . O .
6 . O . O X X O O
7 X X X X . . . .
8 . O X O . . . .
flipping disk at 5,7
flipping disk at 6,7
Computer X flipped 2 disks
  1 2 3 4 5 6 7 8
1 . . . . . . . .
2 . . . . . . . O
3 . . O . O . O .
4 . . X O O O X X
5 . . . O O . X .
6 . O . O X X X O
7 X X X X . . X .
8 . O X O . . . .
flipping disk at 6,5
Computer O flipped 1 disks
  1 2 3 4 5 6 7 8
1 . . . . . . . .
2 . . . . . . . O
3 . . O . O . O .
4 . . X O O O X X
5 . . . O O . X .
6 . O . O O X X O
7 X X X X O . X .
8 . O X O . . . .
flipping disk at 4,6
flipping disk at 3,5
Computer X flipped 2 disks
  1 2 3 4 5 6 7 8
1 . . . . . . . .
2 . . . X . . . O
3 . . O . X . O .
4 . . X O O X X X
5 . . . O O . X .
6 . O . O O X X O
7 X X X X O . X .
8 . O X O . . . .
flipping disk at 5,7
flipping disk at 4,6
flipping disk at 3,5
flipping disk at 2,4
Computer O flipped 4 disks
  1 2 3 4 5 6 7 8
1 . . O . . . . .
2 . . . O . . . O
3 . . O . O . O .
4 . . X O O O X X
5 . . . O O . O .
6 . O . O O X X O
7 X X X X O . X .
8 . O X O . . . .
flipping disk at 7,5
flipping disk at 5,4
flipping disk at 6,5
Computer X flipped 3 disks
  1 2 3 4 5 6 7 8
1 . . O . . . . .
2 . . . O . . . O
3 . . O . O . O .
4 . . X O O O X X
5 . . . X O . O .
6 . O . O X X X O
7 X X X X X X X .
8 . O X O . . . .
flipping disk at 6,5
flipping disk at 7,5
Computer O flipped 2 disks
  1 2 3 4 5 6 7 8
1 . . O . . . . .
2 . . . O . . . O
3 . . O . O . O .
4 . . X O O O X X
5 . . . X O . O .
6 . O . O O X X O
7 X X X X O X X .
8 . O X O O . . .
flipping disk at 5,5
flipping disk at 4,4
flipping disk at 3,3
Computer X flipped 3 disks
  1 2 3 4 5 6 7 8
1 . . O . . . . .
2 . X . O . . . O
3 . . X . O . O .
4 . . X X O O X X
5 . . . X X . O .
6 . O . O O X X O
7 X X X X O X X .
8 . O X O O . . .
flipping disk at 2,2
Computer O flipped 1 disks
  1 2 3 4 5 6 7 8
1 . . O . . . . .
2 . O . O . . . O
3 O . X . O . O .
4 . . X X O O X X
5 . . . X X . O .
6 . O . O O X X O
7 X X X X O X X .
8 . O X O O . . .
flipping disk at 2,2
Computer X flipped 1 disks
  1 2 3 4 5 6 7 8
1 X . O . . . . .
2 . X . O . . . O
3 O . X . O . O .
4 . . X X O O X X
5 . . . X X . O .
6 . O . O O X X O
7 X X X X O X X .
8 . O X O O . . .
flipping disk at 4,4
flipping disk at 4,3
flipping disk at 3,3
Computer O flipped 3 disks
  1 2 3 4 5 6 7 8
1 X . O . . . . .
2 . X . O . . . O
3 O . O . O . O .
4 . O O O O O X X
5 . . . X X . O .
6 . O . O O X X O
7 X X X X O X X .
8 . O X O O . . .
flipping disk at 4,6
flipping disk at 4,5
flipping disk at 4,4
flipping disk at 4,3
flipping disk at 4,2
Computer X flipped 5 disks
  1 2 3 4 5 6 7 8
1 X . O . . . . .
2 . X . O . . . O
3 O . O . O . O .
4 X X X X X X X X
5 . . . X X . O .
6 . O . O O X X O
7 X X X X O X X .
8 . O X O O . . .
flipping disk at 4,1
flipping disk at 4,2
Computer O flipped 2 disks
  1 2 3 4 5 6 7 8
1 X . O . . . . .
2 . X . O . . . O
3 O . O . O . O .
4 O O X X X X X X
5 O . . X X . O .
6 . O . O O X X O
7 X X X X O X X .
8 . O X O O . . .
flipping disk at 8,2
Computer X flipped 1 disks
  1 2 3 4 5 6 7 8
1 X . O . . . . .
2 . X . O . . . O
3 O . O . O . O .
4 O O X X X X X X
5 O . . X X . O .
6 . O . O O X X O
7 X X X X O X X .
8 X X X O O . . .
flipping disk at 4,4
flipping disk at 5,5
flipping disk at 6,6
flipping disk at 7,7
Computer O flipped 4 disks
  1 2 3 4 5 6 7 8
1 X . O . . . . .
2 . X . O . . . O
3 O . O . O . O .
4 O O X O X X X X
5 O . . X O . O .
6 . O . O O O X O
7 X X X X O X O .
8 X X X O O . . O
flipping disk at 8,4
flipping disk at 8,5
Computer X flipped 2 disks
  1 2 3 4 5 6 7 8
1 X . O . . . . .
2 . X . O . . . O
3 O . O . O . O .
4 O O X O X X X X
5 O . . X O . O .
6 . O . O O O X O
7 X X X X O X O .
8 X X X X X X . O
flipping disk at 5,4
flipping disk at 4,3
Computer O flipped 2 disks
  1 2 3 4 5 6 7 8
1 X . O . . . . .
2 . X . O . . . O
3 O O O . O . O .
4 O O O O X X X X
5 O . . O O . O .
6 . O . O O O X O
7 X X X X O X O .
8 X X X X X X . O
flipping disk at 7,5
flipping disk at 6,4
flipping disk at 6,2
Computer X flipped 3 disks
  1 2 3 4 5 6 7 8
1 X . O . . . . .
2 . X . O . . . O
3 O O O . O . O .
4 O O O O X X X X
5 O . X O O . O .
6 . X . X O O X O
7 X X X X X X O .
8 X X X X X X . O
flipping disk at 2,2
Computer O flipped 1 disks
  1 2 3 4 5 6 7 8
1 X O O . . . . .
2 . O . O . . . O
3 O O O . O . O .
4 O O O O X X X X
5 O . X O O . O .
6 . X . X O O X O
7 X X X X X X O .
8 X X X X X X . O
flipping disk at 6,5
flipping disk at 5,4
flipping disk at 4,3
flipping disk at 3,2
Computer X flipped 4 disks
  1 2 3 4 5 6 7 8
1 X O O . . . . .
2 X O . O . . . O
3 O X O . O . O .
4 O O X O X X X X
5 O . X X O . O .
6 . X . X X O X O
7 X X X X X X O .
8 X X X X X X . O
flipping disk at 6,5
flipping disk at 6,4
flipping disk at 4,3
flipping disk at 5,3
Computer O flipped 4 disks
  1 2 3 4 5 6 7 8
1 X O O . . . . .
2 X O . O . . . O
3 O X O . O . O .
4 O O O O X X X X
5 O . O X O . O .
6 . X O O O O X O
7 X X X X X X O .
8 X X X X X X . O
flipping disk at 3,1
flipping disk at 4,1
flipping disk at 5,1
Computer X flipped 3 disks
  1 2 3 4 5 6 7 8
1 X O O . . . . .
2 X O . O . . . O
3 X X O . O . O .
4 X O O O X X X X
5 X . O X O . O .
6 X X O O O O X O
7 X X X X X X O .
8 X X X X X X . O
flipping disk at 7,6
Computer O flipped 1 disks
  1 2 3 4 5 6 7 8
1 X O O . . . . .
2 X O . O . . . O
3 X X O . O . O .
4 X O O O X X X X
5 X . O X O . O .
6 X X O O O O X O
7 X X X X X O O .
8 X X X X X X O O
flipping disk at 5,5
flipping disk at 7,6
flipping disk at 6,6
flipping disk at 6,5
Computer X flipped 4 disks
  1 2 3 4 5 6 7 8
1 X O O . . . . .
2 X O . O . . . O
3 X X O . O . O .
4 X O O O X X X X
5 X . O X X X O .
6 X X O O X X X O
7 X X X X X X O .
8 X X X X X X O O
flipping disk at 5,4
flipping disk at 4,5
Computer O flipped 2 disks
  1 2 3 4 5 6 7 8
1 X O O . . . . .
2 X O . O . . . O
3 X X O . O O O .
4 X O O O O X X X
5 X . O O X X O .
6 X X O O X X X O
7 X X X X X X O .
8 X X X X X X O O
flipping disk at 3,3
flipping disk at 6,4
flipping disk at 5,4
flipping disk at 4,4
flipping disk at 4,5
Computer X flipped 5 disks
  1 2 3 4 5 6 7 8
1 X O O . . . . .
2 X O . O . . . O
3 X X X X O O O .
4 X O O X X X X X
5 X . O X X X O .
6 X X O X X X X O
7 X X X X X X O .
8 X X X X X X O O
flipping disk at 3,3
Computer O flipped 1 disks
  1 2 3 4 5 6 7 8
1 X O O . . . . .
2 X O O O . . . O
3 X X O X O O O .
4 X O O X X X X X
5 X . O X X X O .
6 X X O X X X X O
7 X X X X X X O .
8 X X X X X X O O
flipping disk at 5,3
flipping disk at 4,2
flipping disk at 4,3
flipping disk at 6,3
Computer X flipped 4 disks
  1 2 3 4 5 6 7 8
1 X O O . . . . .
2 X O O O . . . O
3 X X O X O O O .
4 X X X X X X X X
5 X X X X X X O .
6 X X X X X X X O
7 X X X X X X O .
8 X X X X X X O O
flipping disk at 3,4
flipping disk at 4,5
flipping disk at 5,6
flipping disk at 6,7
Computer O flipped 4 disks
  1 2 3 4 5 6 7 8
1 X O O . . . . .
2 X O O O . . . O
3 X X O O O O O .
4 X X X X O X X X
5 X X X X X O O .
6 X X X X X X O O
7 X X X X X X O O
8 X X X X X X O O
flipping disk at 2,2
flipping disk at 2,3
flipping disk at 2,4
flipping disk at 4,5
flipping disk at 3,5
flipping disk at 3,6
flipping disk at 3,4
Computer X flipped 7 disks
  1 2 3 4 5 6 7 8
1 X O O . . . . .
2 X X X X X . . O
3 X X O X X X O .
4 X X X X X X X X
5 X X X X X O O .
6 X X X X X X O O
7 X X X X X X O O
8 X X X X X X O O
flipping disk at 4,6
flipping disk at 3,6
Computer O flipped 2 disks
  1 2 3 4 5 6 7 8
1 X O O . . . . .
2 X X X X X O . O
3 X X O X X O O .
4 X X X X X O X X
5 X X X X X O O .
6 X X X X X X O O
7 X X X X X X O O
8 X X X X X X O O
flipping disk at 5,6
flipping disk at 4,6
flipping disk at 3,6
flipping disk at 2,6
Computer X flipped 4 disks
  1 2 3 4 5 6 7 8
1 X O O . . X . .
2 X X X X X X . O
3 X X O X X X O .
4 X X X X X X X X
5 X X X X X X O .
6 X X X X X X O O
7 X X X X X X O O
8 X X X X X X O O
flipping disk at 2,6
flipping disk at 2,4
Computer O flipped 2 disks
  1 2 3 4 5 6 7 8
1 X O O . O X . .
2 X X X O X O . O
3 X X O X X X O .
4 X X X X X X X X
5 X X X X X X O .
6 X X X X X X O O
7 X X X X X X O O
8 X X X X X X O O
flipping disk at 1,5
flipping disk at 1,2
flipping disk at 1,3
flipping disk at 2,4
Computer X flipped 4 disks
  1 2 3 4 5 6 7 8
1 X X X X X X . .
2 X X X X X O . O
3 X X O X X X O .
4 X X X X X X X X
5 X X X X X X O .
6 X X X X X X O O
7 X X X X X X O O
8 X X X X X X O O
flipping disk at 5,7
flipping disk at 6,7
Computer X flipped 2 disks
  1 2 3 4 5 6 7 8
1 X X X X X X . .
2 X X X X X O . O
3 X X O X X X O .
4 X X X X X X X X
5 X X X X X X X X
6 X X X X X X X O
7 X X X X X X O O
8 X X X X X X O O
flipping disk at 5,8
flipping disk at 4,8
Computer O flipped 2 disks
  1 2 3 4 5 6 7 8
1 X X X X X X . .
2 X X X X X O . O
3 X X O X X X O O
4 X X X X X X X O
5 X X X X X X X O
6 X X X X X X X O
7 X X X X X X O O
8 X X X X X X O O
flipping disk at 2,6
Computer X flipped 1 disks
  1 2 3 4 5 6 7 8
1 X X X X X X X .
2 X X X X X X . O
3 X X O X X X O O
4 X X X X X X X O
5 X X X X X X X O
6 X X X X X X X O
7 X X X X X X O O
8 X X X X X X O O
flipping disk at 3,7
Computer X flipped 1 disks
  1 2 3 4 5 6 7 8
1 X X X X X X X .
2 X X X X X X X O
3 X X O X X X X O
4 X X X X X X X O
5 X X X X X X X O
6 X X X X X X X O
7 X X X X X X O O
8 X X X X X X O O
Depth of X : 4, O : 4
Game over. 
X has 53 disks. O has 10 disks. X wins.
1 workers in 18.162 seconds
No errors found by Cilkscreen
